<?xml version="1.0" encoding="UTF-8"?>
<!-- Generated by org.testng.reporters.JUnitXMLReporter -->
<testsuite ignored="2" hostname="LAPTOP-NCUR2OHV" failures="1" tests="2" name="Default test(failed)" time="0.082" errors="0" timestamp="2024-07-27T02:25:17 IST">
  <testcase classname="failedXML.failedTestXML" name="d" time="0.013"/>
  <testcase classname="failedXML.failedTestXML" name="a" time="0.005">
    <failure type="java.lang.AssertionError" message="null">
      <![CDATA[java.lang.AssertionError: null
at failedXML.failedTestXML.a(failedTestXML.java:12)
at java.base/java.util.ArrayList.forEach(ArrayList.java:1597)
... Removed 27 stack frames]]>
    </failure>
  </testcase> <!-- a -->
  <testcase classname="failedXML.failedTestXML" name="c" time="0.0">
    <ignored/>
  </testcase> <!-- c -->
  <testcase classname="failedXML.failedTestXML" name="b" time="0.0">
    <ignored/>
  </testcase> <!-- b -->
</testsuite> <!-- Default test(failed) -->
