<?xml version="1.0" encoding="UTF-8"?>
<!-- Generated by org.testng.reporters.JUnitXMLReporter -->
<testsuite ignored="0" hostname="LAPTOP-NCUR2OHV" failures="0" tests="2" name="Test1" time="35.456" errors="0" timestamp="2024-07-31T21:26:08 IST">
  <testcase classname="CoverFoxUsingPOMAndExcel.CoverFoxUsingTestNGMobNoANDPinCodeValidate" name="validateErrorMsgOfMobNo" time="0.035"/>
  <testcase classname="CoverFoxUsingPOMAndExcel.CoverFoxUsingTestNGMobNoANDPinCodeValidate" name="validateErrorMsgOfPinCode" time="0.031"/>
</testsuite> <!-- Test1 -->
