<?xml version="1.0" encoding="UTF-8"?>
<!-- Generated by org.testng.reporters.JUnitXMLReporter -->
<testsuite ignored="3" hostname="LAPTOP-NCUR2OHV" failures="0" tests="1" name="Default test(failed)(failed)" time="0.067" errors="0" timestamp="2024-07-27T02:25:37 IST">
  <testcase classname="failedXML.failedTestXML" name="a" time="0.014"/>
  <testcase classname="failedXML.failedTestXML" name="d" time="0.0">
    <ignored/>
  </testcase> <!-- d -->
  <testcase classname="failedXML.failedTestXML" name="c" time="0.0">
    <ignored/>
  </testcase> <!-- c -->
  <testcase classname="failedXML.failedTestXML" name="b" time="0.0">
    <ignored/>
  </testcase> <!-- b -->
</testsuite> <!-- Default test(failed)(failed) -->
