<?xml version="1.0" encoding="UTF-8"?>
<!-- Generated by org.testng.reporters.JUnitXMLReporter -->
<testsuite ignored="2" hostname="LAPTOP-NCUR2OHV" failures="0" tests="0" time="7.071" errors="0" timestamp="2024-07-31T21:21:07 IST">
  <testcase classname="CoverFoxUsingPOMAndExcel.CoverFoxUsingTestNGMobNoANDPinCodeValidate" name="validateErrorMsgOfPinCode" time="0.0">
    <ignored/>
  </testcase> <!-- validateErrorMsgOfPinCode -->
  <testcase classname="CoverFoxUsingPOMAndExcel.CoverFoxUsingTestNGMobNoANDPinCodeValidate" name="validateErrorMsgOfMobNo" time="0.0">
    <ignored/>
  </testcase> <!-- validateErrorMsgOfMobNo -->
</testsuite>
